<?xml version="1.0" encoding="UTF-8"?>
<coverage generated="1702428030735" clover="3.2.0">
  <project timestamp="1702428030735" name="All files">
    <metrics statements="89" coveredstatements="71" conditionals="22" coveredconditionals="21" methods="31" coveredmethods="28" elements="142" coveredelements="120" complexity="0" loc="89" ncloc="89" packages="5" files="9" classes="9"/>
    <package name="src">
      <metrics statements="16" coveredstatements="0" conditionals="0" coveredconditionals="0" methods="1" coveredmethods="0"/>
      <file name="App.tsx" path="D:\React\webpack-ts-unit-auth-proj\react-webpack-typescript\src\App.tsx">
        <metrics statements="11" coveredstatements="0" conditionals="0" coveredconditionals="0" methods="1" coveredmethods="0"/>
        <line num="2" count="0" type="stmt"/>
        <line num="3" count="0" type="stmt"/>
        <line num="4" count="0" type="stmt"/>
        <line num="5" count="0" type="stmt"/>
        <line num="6" count="0" type="stmt"/>
        <line num="7" count="0" type="stmt"/>
        <line num="8" count="0" type="stmt"/>
        <line num="9" count="0" type="stmt"/>
        <line num="10" count="0" type="stmt"/>
        <line num="12" count="0" type="stmt"/>
        <line num="13" count="0" type="stmt"/>
      </file>
      <file name="index.tsx" path="D:\React\webpack-ts-unit-auth-proj\react-webpack-typescript\src\index.tsx">
        <metrics statements="5" coveredstatements="0" conditionals="0" coveredconditionals="0" methods="0" coveredmethods="0"/>
        <line num="1" count="0" type="stmt"/>
        <line num="2" count="0" type="stmt"/>
        <line num="3" count="0" type="stmt"/>
        <line num="4" count="0" type="stmt"/>
        <line num="6" count="0" type="stmt"/>
      </file>
    </package>
    <package name="src.components">
      <metrics statements="25" coveredstatements="25" conditionals="4" coveredconditionals="4" methods="6" coveredmethods="6"/>
      <file name="Navbar.tsx" path="D:\React\webpack-ts-unit-auth-proj\react-webpack-typescript\src\components\Navbar.tsx">
        <metrics statements="6" coveredstatements="6" conditionals="2" coveredconditionals="2" methods="1" coveredmethods="1"/>
        <line num="1" count="1" type="stmt"/>
        <line num="2" count="1" type="stmt"/>
        <line num="3" count="1" type="stmt"/>
        <line num="5" count="1" type="stmt"/>
        <line num="6" count="8" type="stmt"/>
        <line num="7" count="8" type="stmt"/>
      </file>
      <file name="StoreItem.tsx" path="D:\React\webpack-ts-unit-auth-proj\react-webpack-typescript\src\components\StoreItem.tsx">
        <metrics statements="19" coveredstatements="19" conditionals="2" coveredconditionals="2" methods="5" coveredmethods="5"/>
        <line num="1" count="3" type="stmt"/>
        <line num="2" count="3" type="stmt"/>
        <line num="3" count="3" type="stmt"/>
        <line num="12" count="3" type="stmt"/>
        <line num="14" count="55" type="stmt"/>
        <line num="15" count="55" type="stmt"/>
        <line num="16" count="55" type="stmt"/>
        <line num="17" count="55" type="stmt"/>
        <line num="20" count="55" type="stmt"/>
        <line num="21" count="55" type="stmt"/>
        <line num="22" count="55" type="stmt"/>
        <line num="23" count="55" type="stmt"/>
        <line num="24" count="55" type="stmt"/>
        <line num="26" count="55" type="stmt"/>
        <line num="28" count="55" type="stmt"/>
        <line num="50" count="5" type="stmt"/>
        <line num="66" count="3" type="stmt"/>
        <line num="79" count="5" type="stmt"/>
        <line num="89" count="2" type="stmt"/>
      </file>
    </package>
    <package name="src.contexts">
      <metrics statements="35" coveredstatements="33" conditionals="18" coveredconditionals="17" methods="19" coveredmethods="17"/>
      <file name="ShoppingCartContext.tsx" path="D:\React\webpack-ts-unit-auth-proj\react-webpack-typescript\src\contexts\ShoppingCartContext.tsx">
        <metrics statements="35" coveredstatements="33" conditionals="18" coveredconditionals="17" methods="19" coveredmethods="17"/>
        <line num="1" count="3" type="stmt"/>
        <line num="23" count="3" type="stmt"/>
        <line num="25" count="3" type="stmt"/>
        <line num="26" count="63" type="stmt"/>
        <line num="29" count="25" type="stmt"/>
        <line num="30" count="25" type="stmt"/>
        <line num="32" count="25" type="stmt"/>
        <line num="34" count="25" type="stmt"/>
        <line num="35" count="55" type="cond" truecount="6" falsecount="0"/>
        <line num="38" count="25" type="stmt"/>
        <line num="39" count="10" type="stmt"/>
        <line num="40" count="10" type="cond" truecount="2" falsecount="0"/>
        <line num="41" count="5" type="stmt"/>
        <line num="43" count="5" type="stmt"/>
        <line num="44" count="6" type="cond" truecount="2" falsecount="0"/>
        <line num="45" count="5" type="stmt"/>
        <line num="47" count="1" type="stmt"/>
        <line num="54" count="25" type="stmt"/>
        <line num="55" count="3" type="stmt"/>
        <line num="56" count="3" type="cond" truecount="5" falsecount="1"/>
        <line num="57" count="1" type="stmt"/>
        <line num="59" count="2" type="stmt"/>
        <line num="60" count="3" type="cond" truecount="2" falsecount="0"/>
        <line num="61" count="2" type="stmt"/>
        <line num="63" count="1" type="stmt"/>
        <line num="70" count="25" type="stmt"/>
        <line num="71" count="2" type="stmt"/>
        <line num="72" count="2" type="stmt"/>
        <line num="76" count="25" type="stmt"/>
        <line num="77" count="0" type="stmt"/>
        <line num="79" count="25" type="stmt"/>
        <line num="80" count="0" type="stmt"/>
        <line num="83" count="25" type="stmt"/>
        <line num="84" count="15" type="stmt"/>
        <line num="87" count="25" type="stmt"/>
      </file>
    </package>
    <package name="src.pages">
      <metrics statements="10" coveredstatements="10" conditionals="0" coveredconditionals="0" methods="4" coveredmethods="4"/>
      <file name="About.tsx" path="D:\React\webpack-ts-unit-auth-proj\react-webpack-typescript\src\pages\About.tsx">
        <metrics statements="2" coveredstatements="2" conditionals="0" coveredconditionals="0" methods="1" coveredmethods="1"/>
        <line num="1" count="2" type="stmt"/>
        <line num="2" count="3" type="stmt"/>
      </file>
      <file name="Home.tsx" path="D:\React\webpack-ts-unit-auth-proj\react-webpack-typescript\src\pages\Home.tsx">
        <metrics statements="2" coveredstatements="2" conditionals="0" coveredconditionals="0" methods="1" coveredmethods="1"/>
        <line num="3" count="2" type="stmt"/>
        <line num="4" count="5" type="stmt"/>
      </file>
      <file name="Store.tsx" path="D:\React\webpack-ts-unit-auth-proj\react-webpack-typescript\src\pages\Store.tsx">
        <metrics statements="6" coveredstatements="6" conditionals="0" coveredconditionals="0" methods="2" coveredmethods="2"/>
        <line num="1" count="2" type="stmt"/>
        <line num="2" count="2" type="stmt"/>
        <line num="3" count="2" type="stmt"/>
        <line num="5" count="2" type="stmt"/>
        <line num="6" count="4" type="stmt"/>
        <line num="11" count="16" type="stmt"/>
      </file>
    </package>
    <package name="src.utilities">
      <metrics statements="3" coveredstatements="3" conditionals="0" coveredconditionals="0" methods="1" coveredmethods="1"/>
      <file name="formatCurrency.ts" path="D:\React\webpack-ts-unit-auth-proj\react-webpack-typescript\src\utilities\formatCurrency.ts">
        <metrics statements="3" coveredstatements="3" conditionals="0" coveredconditionals="0" methods="1" coveredmethods="1"/>
        <line num="1" count="4" type="stmt"/>
        <line num="6" count="4" type="stmt"/>
        <line num="7" count="56" type="stmt"/>
      </file>
    </package>
  </project>
</coverage>
