<?xml version="1.0" encoding="UTF-8"?>
<coverage generated="1702410497404" clover="3.2.0">
  <project timestamp="1702410497404" name="All files">
    <metrics statements="89" coveredstatements="69" conditionals="22" coveredconditionals="19" methods="31" coveredmethods="28" elements="142" coveredelements="116" complexity="0" loc="89" ncloc="89" packages="5" files="9" classes="9"/>
    <package name="src">
      <metrics statements="16" coveredstatements="0" conditionals="0" coveredconditionals="0" methods="1" coveredmethods="0"/>
      <file name="App.tsx" path="D:\React\webpack-ts-unit-auth-proj\react-webpack-typescript\src\App.tsx">
        <metrics statements="11" coveredstatements="0" conditionals="0" coveredconditionals="0" methods="1" coveredmethods="0"/>
        <line num="2" count="0" type="stmt"/>
        <line num="3" count="0" type="stmt"/>
        <line num="4" count="0" type="stmt"/>
        <line num="5" count="0" type="stmt"/>
        <line num="6" count="0" type="stmt"/>
        <line num="7" count="0" type="stmt"/>
        <line num="8" count="0" type="stmt"/>
        <line num="9" count="0" type="stmt"/>
        <line num="10" count="0" type="stmt"/>
        <line num="12" count="0" type="stmt"/>
        <line num="13" count="0" type="stmt"/>
      </file>
      <file name="index.tsx" path="D:\React\webpack-ts-unit-auth-proj\react-webpack-typescript\src\index.tsx">
        <metrics statements="5" coveredstatements="0" conditionals="0" coveredconditionals="0" methods="0" coveredmethods="0"/>
        <line num="1" count="0" type="stmt"/>
        <line num="2" count="0" type="stmt"/>
        <line num="3" count="0" type="stmt"/>
        <line num="4" count="0" type="stmt"/>
        <line num="6" count="0" type="stmt"/>
      </file>
    </package>
    <package name="src.components">
      <metrics statements="25" coveredstatements="25" conditionals="4" coveredconditionals="4" methods="6" coveredmethods="6"/>
      <file name="Navbar.tsx" path="D:\React\webpack-ts-unit-auth-proj\react-webpack-typescript\src\components\Navbar.tsx">
        <metrics statements="6" coveredstatements="6" conditionals="2" coveredconditionals="2" methods="1" coveredmethods="1"/>
        <line num="1" count="1" type="stmt"/>
        <line num="2" count="1" type="stmt"/>
        <line num="3" count="1" type="stmt"/>
        <line num="5" count="1" type="stmt"/>
        <line num="6" count="8" type="stmt"/>
        <line num="7" count="8" type="stmt"/>
      </file>
      <file name="StoreItem.tsx" path="D:\React\webpack-ts-unit-auth-proj\react-webpack-typescript\src\components\StoreItem.tsx">
        <metrics statements="19" coveredstatements="19" conditionals="2" coveredconditionals="2" methods="5" coveredmethods="5"/>
        <line num="1" count="3" type="stmt"/>
        <line num="2" count="3" type="stmt"/>
        <line num="3" count="3" type="stmt"/>
        <line num="12" count="3" type="stmt"/>
        <line num="14" count="35" type="stmt"/>
        <line num="15" count="35" type="stmt"/>
        <line num="16" count="35" type="stmt"/>
        <line num="17" count="35" type="stmt"/>
        <line num="20" count="35" type="stmt"/>
        <line num="21" count="35" type="stmt"/>
        <line num="22" count="35" type="stmt"/>
        <line num="23" count="35" type="stmt"/>
        <line num="24" count="35" type="stmt"/>
        <line num="26" count="35" type="stmt"/>
        <line num="28" count="35" type="stmt"/>
        <line num="50" count="3" type="stmt"/>
        <line num="66" count="2" type="stmt"/>
        <line num="79" count="4" type="stmt"/>
        <line num="89" count="2" type="stmt"/>
      </file>
    </package>
    <package name="src.context">
      <metrics statements="35" coveredstatements="31" conditionals="18" coveredconditionals="15" methods="19" coveredmethods="17"/>
      <file name="ShoppingCartContext.tsx" path="D:\React\webpack-ts-unit-auth-proj\react-webpack-typescript\src\context\ShoppingCartContext.tsx">
        <metrics statements="35" coveredstatements="31" conditionals="18" coveredconditionals="15" methods="19" coveredmethods="17"/>
        <line num="1" count="3" type="stmt"/>
        <line num="23" count="3" type="stmt"/>
        <line num="25" count="3" type="stmt"/>
        <line num="26" count="43" type="stmt"/>
        <line num="29" count="20" type="stmt"/>
        <line num="30" count="20" type="stmt"/>
        <line num="31" count="20" type="stmt"/>
        <line num="33" count="20" type="stmt"/>
        <line num="34" count="35" type="cond" truecount="6" falsecount="0"/>
        <line num="37" count="20" type="stmt"/>
        <line num="38" count="7" type="stmt"/>
        <line num="39" count="7" type="cond" truecount="2" falsecount="0"/>
        <line num="40" count="3" type="stmt"/>
        <line num="42" count="4" type="stmt"/>
        <line num="43" count="4" type="cond" truecount="1" falsecount="1"/>
        <line num="44" count="4" type="stmt"/>
        <line num="46" count="0" type="stmt"/>
        <line num="53" count="20" type="stmt"/>
        <line num="54" count="2" type="stmt"/>
        <line num="55" count="2" type="cond" truecount="5" falsecount="1"/>
        <line num="56" count="1" type="stmt"/>
        <line num="58" count="1" type="stmt"/>
        <line num="59" count="1" type="cond" truecount="1" falsecount="1"/>
        <line num="60" count="1" type="stmt"/>
        <line num="62" count="0" type="stmt"/>
        <line num="69" count="20" type="stmt"/>
        <line num="70" count="2" type="stmt"/>
        <line num="71" count="2" type="stmt"/>
        <line num="75" count="20" type="stmt"/>
        <line num="76" count="0" type="stmt"/>
        <line num="78" count="20" type="stmt"/>
        <line num="79" count="0" type="stmt"/>
        <line num="82" count="20" type="stmt"/>
        <line num="83" count="8" type="stmt"/>
        <line num="86" count="20" type="stmt"/>
      </file>
    </package>
    <package name="src.pages">
      <metrics statements="10" coveredstatements="10" conditionals="0" coveredconditionals="0" methods="4" coveredmethods="4"/>
      <file name="About.tsx" path="D:\React\webpack-ts-unit-auth-proj\react-webpack-typescript\src\pages\About.tsx">
        <metrics statements="2" coveredstatements="2" conditionals="0" coveredconditionals="0" methods="1" coveredmethods="1"/>
        <line num="1" count="2" type="stmt"/>
        <line num="2" count="3" type="stmt"/>
      </file>
      <file name="Home.tsx" path="D:\React\webpack-ts-unit-auth-proj\react-webpack-typescript\src\pages\Home.tsx">
        <metrics statements="2" coveredstatements="2" conditionals="0" coveredconditionals="0" methods="1" coveredmethods="1"/>
        <line num="3" count="2" type="stmt"/>
        <line num="4" count="5" type="stmt"/>
      </file>
      <file name="Store.tsx" path="D:\React\webpack-ts-unit-auth-proj\react-webpack-typescript\src\pages\Store.tsx">
        <metrics statements="6" coveredstatements="6" conditionals="0" coveredconditionals="0" methods="2" coveredmethods="2"/>
        <line num="1" count="2" type="stmt"/>
        <line num="2" count="2" type="stmt"/>
        <line num="3" count="2" type="stmt"/>
        <line num="5" count="2" type="stmt"/>
        <line num="6" count="3" type="stmt"/>
        <line num="11" count="12" type="stmt"/>
      </file>
    </package>
    <package name="src.utilities">
      <metrics statements="3" coveredstatements="3" conditionals="0" coveredconditionals="0" methods="1" coveredmethods="1"/>
      <file name="formatCurrency.ts" path="D:\React\webpack-ts-unit-auth-proj\react-webpack-typescript\src\utilities\formatCurrency.ts">
        <metrics statements="3" coveredstatements="3" conditionals="0" coveredconditionals="0" methods="1" coveredmethods="1"/>
        <line num="1" count="4" type="stmt"/>
        <line num="6" count="4" type="stmt"/>
        <line num="7" count="36" type="stmt"/>
      </file>
    </package>
  </project>
</coverage>
