{"D:\\React\\webpack-ts-unit-auth-proj\\react-webpack-typescript\\src\\App.tsx": {"path":"D:\\React\\webpack-ts-unit-auth-proj\\react-webpack-typescript\\src\\App.tsx","statementMap":{"0":{"start":{"line":2,"column":0},"end":{"line":2,"column":21}},"1":{"start":{"line":3,"column":0},"end":{"line":3,"column":45}},"2":{"start":{"line":4,"column":0},"end":{"line":4,"column":48}},"3":{"start":{"line":5,"column":0},"end":{"line":5,"column":43}},"4":{"start":{"line":6,"column":0},"end":{"line":6,"column":35}},"5":{"start":{"line":7,"column":0},"end":{"line":7,"column":37}},"6":{"start":{"line":8,"column":0},"end":{"line":8,"column":37}},"7":{"start":{"line":9,"column":0},"end":{"line":9,"column":44}},"8":{"start":{"line":10,"column":0},"end":{"line":10,"column":69}},"9":{"start":{"line":12,"column":19},"end":{"line":25,"column":1}},"10":{"start":{"line":13,"column":2},"end":{"line":24,"column":null}},"11":{"start":{"line":12,"column":13},"end":{"line":12,"column":19}}},"fnMap":{"0":{"name":"(anonymous_0)","decl":{"start":{"line":12,"column":19},"end":{"line":12,"column":null}},"loc":{"start":{"line":12,"column":19},"end":{"line":25,"column":1}}}},"branchMap":{},"s":{"0":0,"1":0,"2":0,"3":0,"4":0,"5":0,"6":0,"7":0,"8":0,"9":0,"10":0,"11":0},"f":{"0":0},"b":{}}
,"D:\\React\\webpack-ts-unit-auth-proj\\react-webpack-typescript\\src\\index.tsx": {"path":"D:\\React\\webpack-ts-unit-auth-proj\\react-webpack-typescript\\src\\index.tsx","statementMap":{"0":{"start":{"line":1,"column":0},"end":{"line":1,"column":25}},"1":{"start":{"line":2,"column":0},"end":{"line":2,"column":39}},"2":{"start":{"line":3,"column":0},"end":{"line":3,"column":27}},"3":{"start":{"line":4,"column":0},"end":{"line":4,"column":48}},"4":{"start":{"line":6,"column":0},"end":{"line":12,"column":null}}},"fnMap":{},"branchMap":{},"s":{"0":0,"1":0,"2":0,"3":0,"4":0},"f":{},"b":{}}
,"D:\\React\\webpack-ts-unit-auth-proj\\react-webpack-typescript\\src\\components\\Navbar.tsx": {"path":"D:\\React\\webpack-ts-unit-auth-proj\\react-webpack-typescript\\src\\components\\Navbar.tsx","statementMap":{"0":{"start":{"line":1,"column":0},"end":{"line":1,"column":76}},"1":{"start":{"line":2,"column":0},"end":{"line":2,"column":42}},"2":{"start":{"line":3,"column":0},"end":{"line":3,"column":72}},"3":{"start":{"line":6,"column":37},"end":{"line":6,"column":61}},"4":{"start":{"line":6,"column":18},"end":{"line":6,"column":20}},"5":{"start":{"line":6,"column":32},"end":{"line":6,"column":37}},"6":{"start":{"line":7,"column":2},"end":{"line":60,"column":null}},"7":{"start":{"line":5,"column":0},"end":{"line":5,"column":16}}},"fnMap":{"0":{"name":"Navbar","decl":{"start":{"line":5,"column":16},"end":{"line":5,"column":22}},"loc":{"start":{"line":5,"column":22},"end":{"line":61,"column":1}}}},"branchMap":{"0":{"loc":{"start":{"line":25,"column":9},"end":{"line":56,"column":null}},"type":"binary-expr","locations":[{"start":{"line":25,"column":9},"end":{"line":25,"column":25}},{"start":{"line":26,"column":10},"end":{"line":55,"column":null}}]}},"s":{"0":1,"1":1,"2":1,"3":8,"4":8,"5":8,"6":8,"7":1},"f":{"0":8},"b":{"0":[8,2]}}
,"D:\\React\\webpack-ts-unit-auth-proj\\react-webpack-typescript\\src\\components\\StoreItem.tsx": {"path":"D:\\React\\webpack-ts-unit-auth-proj\\react-webpack-typescript\\src\\components\\StoreItem.tsx","statementMap":{"0":{"start":{"line":1,"column":0},"end":{"line":1,"column":46}},"1":{"start":{"line":2,"column":0},"end":{"line":2,"column":60}},"2":{"start":{"line":3,"column":0},"end":{"line":3,"column":72}},"3":{"start":{"line":14,"column":4},"end":{"line":14,"column":null}},"4":{"start":{"line":15,"column":6},"end":{"line":15,"column":null}},"5":{"start":{"line":16,"column":7},"end":{"line":16,"column":null}},"6":{"start":{"line":17,"column":8},"end":{"line":17,"column":null}},"7":{"start":{"line":24,"column":6},"end":{"line":24,"column":30}},"8":{"start":{"line":20,"column":19},"end":{"line":20,"column":null}},"9":{"start":{"line":21,"column":24},"end":{"line":21,"column":null}},"10":{"start":{"line":22,"column":24},"end":{"line":22,"column":null}},"11":{"start":{"line":23,"column":18},"end":{"line":23,"column":null}},"12":{"start":{"line":26,"column":19},"end":{"line":26,"column":38}},"13":{"start":{"line":28,"column":2},"end":{"line":98,"column":null}},"14":{"start":{"line":50,"column":27},"end":{"line":50,"column":null}},"15":{"start":{"line":66,"column":31},"end":{"line":66,"column":null}},"16":{"start":{"line":79,"column":31},"end":{"line":79,"column":null}},"17":{"start":{"line":89,"column":29},"end":{"line":89,"column":null}},"18":{"start":{"line":12,"column":0},"end":{"line":12,"column":16}}},"fnMap":{"0":{"name":"StoreItem","decl":{"start":{"line":12,"column":16},"end":{"line":12,"column":25}},"loc":{"start":{"line":18,"column":17},"end":{"line":99,"column":1}}},"1":{"name":"(anonymous_1)","decl":{"start":{"line":50,"column":21},"end":{"line":50,"column":27}},"loc":{"start":{"line":50,"column":21},"end":{"line":50,"column":47}}},"2":{"name":"(anonymous_2)","decl":{"start":{"line":66,"column":25},"end":{"line":66,"column":31}},"loc":{"start":{"line":66,"column":25},"end":{"line":66,"column":51}}},"3":{"name":"(anonymous_3)","decl":{"start":{"line":79,"column":25},"end":{"line":79,"column":31}},"loc":{"start":{"line":79,"column":25},"end":{"line":79,"column":51}}},"4":{"name":"(anonymous_4)","decl":{"start":{"line":89,"column":23},"end":{"line":89,"column":29}},"loc":{"start":{"line":89,"column":23},"end":{"line":89,"column":43}}}},"branchMap":{"0":{"loc":{"start":{"line":46,"column":9},"end":{"line":94,"column":null}},"type":"cond-expr","locations":[{"start":{"line":47,"column":10},"end":{"line":51,"column":null}},{"start":{"line":56,"column":10},"end":{"line":93,"column":null}}]}},"s":{"0":3,"1":3,"2":3,"3":55,"4":55,"5":55,"6":55,"7":55,"8":55,"9":55,"10":55,"11":55,"12":55,"13":55,"14":5,"15":3,"16":5,"17":2,"18":3},"f":{"0":55,"1":5,"2":3,"3":5,"4":2},"b":{"0":[40,15]}}
,"D:\\React\\webpack-ts-unit-auth-proj\\react-webpack-typescript\\src\\contexts\\ShoppingCartContext.tsx": {"path":"D:\\React\\webpack-ts-unit-auth-proj\\react-webpack-typescript\\src\\contexts\\ShoppingCartContext.tsx","statementMap":{"0":{"start":{"line":1,"column":0},"end":{"line":1,"column":70}},"1":{"start":{"line":23,"column":28},"end":{"line":23,"column":72}},"2":{"start":{"line":26,"column":2},"end":{"line":26,"column":null}},"3":{"start":{"line":25,"column":0},"end":{"line":25,"column":16}},"4":{"start":{"line":29,"column":47},"end":{"line":29,"column":76}},"5":{"start":{"line":30,"column":36},"end":{"line":30,"column":61}},"6":{"start":{"line":30,"column":18},"end":{"line":30,"column":20}},"7":{"start":{"line":30,"column":32},"end":{"line":30,"column":36}},"8":{"start":{"line":32,"column":30},"end":{"line":32,"column":54}},"9":{"start":{"line":32,"column":15},"end":{"line":32,"column":17}},"10":{"start":{"line":32,"column":26},"end":{"line":32,"column":30}},"11":{"start":{"line":34,"column":26},"end":{"line":36,"column":3}},"12":{"start":{"line":35,"column":4},"end":{"line":35,"column":null}},"13":{"start":{"line":35,"column":36},"end":{"line":35,"column":51}},"14":{"start":{"line":38,"column":31},"end":{"line":52,"column":3}},"15":{"start":{"line":39,"column":4},"end":{"line":51,"column":null}},"16":{"start":{"line":40,"column":6},"end":{"line":50,"column":null}},"17":{"start":{"line":40,"column":35},"end":{"line":40,"column":50}},"18":{"start":{"line":41,"column":8},"end":{"line":41,"column":50}},"19":{"start":{"line":43,"column":8},"end":{"line":49,"column":null}},"20":{"start":{"line":44,"column":10},"end":{"line":48,"column":null}},"21":{"start":{"line":45,"column":12},"end":{"line":45,"column":59}},"22":{"start":{"line":47,"column":12},"end":{"line":47,"column":null}},"23":{"start":{"line":54,"column":31},"end":{"line":68,"column":3}},"24":{"start":{"line":55,"column":4},"end":{"line":67,"column":null}},"25":{"start":{"line":56,"column":6},"end":{"line":66,"column":null}},"26":{"start":{"line":56,"column":35},"end":{"line":56,"column":50}},"27":{"start":{"line":57,"column":8},"end":{"line":57,"column":null}},"28":{"start":{"line":57,"column":42},"end":{"line":57,"column":57}},"29":{"start":{"line":59,"column":8},"end":{"line":65,"column":null}},"30":{"start":{"line":60,"column":10},"end":{"line":64,"column":null}},"31":{"start":{"line":61,"column":12},"end":{"line":61,"column":59}},"32":{"start":{"line":63,"column":12},"end":{"line":63,"column":null}},"33":{"start":{"line":70,"column":25},"end":{"line":74,"column":3}},"34":{"start":{"line":71,"column":4},"end":{"line":73,"column":null}},"35":{"start":{"line":72,"column":6},"end":{"line":72,"column":null}},"36":{"start":{"line":72,"column":40},"end":{"line":72,"column":55}},"37":{"start":{"line":76,"column":19},"end":{"line":78,"column":3}},"38":{"start":{"line":77,"column":4},"end":{"line":77,"column":null}},"39":{"start":{"line":79,"column":20},"end":{"line":81,"column":3}},"40":{"start":{"line":80,"column":4},"end":{"line":80,"column":null}},"41":{"start":{"line":83,"column":23},"end":{"line":85,"column":7}},"42":{"start":{"line":84,"column":4},"end":{"line":84,"column":null}},"43":{"start":{"line":87,"column":2},"end":{"line":102,"column":null}},"44":{"start":{"line":29,"column":0},"end":{"line":29,"column":16}}},"fnMap":{"0":{"name":"useShoppingCartContext","decl":{"start":{"line":25,"column":16},"end":{"line":25,"column":38}},"loc":{"start":{"line":25,"column":38},"end":{"line":27,"column":1}}},"1":{"name":"ShoppingCartProvider","decl":{"start":{"line":29,"column":16},"end":{"line":29,"column":36}},"loc":{"start":{"line":29,"column":76},"end":{"line":103,"column":1}}},"2":{"name":"(anonymous_5)","decl":{"start":{"line":34,"column":26},"end":{"line":34,"column":27}},"loc":{"start":{"line":34,"column":37},"end":{"line":36,"column":3}}},"3":{"name":"(anonymous_6)","decl":{"start":{"line":35,"column":26},"end":{"line":35,"column":27}},"loc":{"start":{"line":35,"column":31},"end":{"line":35,"column":38}}},"4":{"name":"(anonymous_7)","decl":{"start":{"line":38,"column":31},"end":{"line":38,"column":32}},"loc":{"start":{"line":38,"column":42},"end":{"line":52,"column":3}}},"5":{"name":"(anonymous_8)","decl":{"start":{"line":39,"column":17},"end":{"line":39,"column":18}},"loc":{"start":{"line":39,"column":27},"end":{"line":51,"column":5}}},"6":{"name":"(anonymous_9)","decl":{"start":{"line":40,"column":25},"end":{"line":40,"column":26}},"loc":{"start":{"line":40,"column":30},"end":{"line":40,"column":39}}},"7":{"name":"(anonymous_10)","decl":{"start":{"line":43,"column":29},"end":{"line":43,"column":30}},"loc":{"start":{"line":43,"column":34},"end":{"line":49,"column":9}}},"8":{"name":"(anonymous_11)","decl":{"start":{"line":54,"column":31},"end":{"line":54,"column":32}},"loc":{"start":{"line":54,"column":42},"end":{"line":68,"column":3}}},"9":{"name":"(anonymous_12)","decl":{"start":{"line":55,"column":17},"end":{"line":55,"column":18}},"loc":{"start":{"line":55,"column":27},"end":{"line":67,"column":5}}},"10":{"name":"(anonymous_13)","decl":{"start":{"line":56,"column":25},"end":{"line":56,"column":26}},"loc":{"start":{"line":56,"column":30},"end":{"line":56,"column":39}}},"11":{"name":"(anonymous_14)","decl":{"start":{"line":57,"column":32},"end":{"line":57,"column":33}},"loc":{"start":{"line":57,"column":37},"end":{"line":57,"column":46}}},"12":{"name":"(anonymous_15)","decl":{"start":{"line":59,"column":29},"end":{"line":59,"column":30}},"loc":{"start":{"line":59,"column":34},"end":{"line":65,"column":9}}},"13":{"name":"(anonymous_16)","decl":{"start":{"line":70,"column":25},"end":{"line":70,"column":26}},"loc":{"start":{"line":70,"column":36},"end":{"line":74,"column":3}}},"14":{"name":"(anonymous_17)","decl":{"start":{"line":71,"column":17},"end":{"line":71,"column":18}},"loc":{"start":{"line":71,"column":27},"end":{"line":73,"column":5}}},"15":{"name":"(anonymous_18)","decl":{"start":{"line":72,"column":30},"end":{"line":72,"column":31}},"loc":{"start":{"line":72,"column":35},"end":{"line":72,"column":44}}},"16":{"name":"(anonymous_19)","decl":{"start":{"line":76,"column":19},"end":{"line":76,"column":null}},"loc":{"start":{"line":76,"column":19},"end":{"line":78,"column":3}}},"17":{"name":"(anonymous_20)","decl":{"start":{"line":79,"column":20},"end":{"line":79,"column":null}},"loc":{"start":{"line":79,"column":20},"end":{"line":81,"column":3}}},"18":{"name":"(anonymous_21)","decl":{"start":{"line":83,"column":40},"end":{"line":83,"column":41}},"loc":{"start":{"line":83,"column":54},"end":{"line":85,"column":3}}}},"branchMap":{"0":{"loc":{"start":{"line":35,"column":11},"end":{"line":35,"column":66}},"type":"binary-expr","locations":[{"start":{"line":35,"column":11},"end":{"line":35,"column":61}},{"start":{"line":35,"column":65},"end":{"line":35,"column":66}}]},"1":{"loc":{"start":{"line":35,"column":11},"end":{"line":35,"column":61}},"type":"cond-expr","locations":[{"start":{"line":35,"column":51},"end":{"line":35,"column":53}},{"start":{"line":35,"column":51},"end":{"line":35,"column":61}}]},"2":{"loc":{"start":{"line":35,"column":11},"end":{"line":35,"column":53}},"type":"binary-expr","locations":[{"start":{"line":35,"column":11},"end":{"line":35,"column":53}},{"start":{"line":35,"column":51},"end":{"line":35,"column":53}}]},"3":{"loc":{"start":{"line":40,"column":6},"end":{"line":50,"column":null}},"type":"if","locations":[{"start":{"line":40,"column":6},"end":{"line":50,"column":null}},{"start":{"line":42,"column":13},"end":{"line":50,"column":null}}]},"4":{"loc":{"start":{"line":44,"column":10},"end":{"line":48,"column":null}},"type":"if","locations":[{"start":{"line":44,"column":10},"end":{"line":48,"column":null}},{"start":{"line":46,"column":17},"end":{"line":48,"column":null}}]},"5":{"loc":{"start":{"line":56,"column":6},"end":{"line":66,"column":null}},"type":"if","locations":[{"start":{"line":56,"column":6},"end":{"line":66,"column":null}},{"start":{"line":58,"column":13},"end":{"line":66,"column":null}}]},"6":{"loc":{"start":{"line":56,"column":10},"end":{"line":56,"column":60}},"type":"cond-expr","locations":[{"start":{"line":56,"column":50},"end":{"line":56,"column":52}},{"start":{"line":56,"column":50},"end":{"line":56,"column":60}}]},"7":{"loc":{"start":{"line":56,"column":10},"end":{"line":56,"column":52}},"type":"binary-expr","locations":[{"start":{"line":56,"column":10},"end":{"line":56,"column":52}},{"start":{"line":56,"column":50},"end":{"line":56,"column":52}}]},"8":{"loc":{"start":{"line":60,"column":10},"end":{"line":64,"column":null}},"type":"if","locations":[{"start":{"line":60,"column":10},"end":{"line":64,"column":null}},{"start":{"line":62,"column":17},"end":{"line":64,"column":null}}]}},"s":{"0":3,"1":3,"2":63,"3":3,"4":25,"5":25,"6":25,"7":25,"8":25,"9":25,"10":25,"11":25,"12":55,"13":39,"14":25,"15":10,"16":10,"17":6,"18":5,"19":5,"20":6,"21":5,"22":1,"23":25,"24":3,"25":3,"26":3,"27":1,"28":1,"29":2,"30":3,"31":2,"32":1,"33":25,"34":2,"35":2,"36":2,"37":25,"38":0,"39":25,"40":0,"41":25,"42":15,"43":25,"44":3},"f":{"0":63,"1":25,"2":55,"3":39,"4":10,"5":10,"6":6,"7":6,"8":3,"9":3,"10":3,"11":1,"12":3,"13":2,"14":2,"15":2,"16":0,"17":0,"18":15},"b":{"0":[55,40],"1":[40,15],"2":[55,55],"3":[5,5],"4":[5,1],"5":[1,2],"6":[0,3],"7":[3,3],"8":[2,1]}}
,"D:\\React\\webpack-ts-unit-auth-proj\\react-webpack-typescript\\src\\pages\\About.tsx": {"path":"D:\\React\\webpack-ts-unit-auth-proj\\react-webpack-typescript\\src\\pages\\About.tsx","statementMap":{"0":{"start":{"line":2,"column":2},"end":{"line":2,"column":null}},"1":{"start":{"line":1,"column":0},"end":{"line":1,"column":16}}},"fnMap":{"0":{"name":"About","decl":{"start":{"line":1,"column":16},"end":{"line":1,"column":21}},"loc":{"start":{"line":1,"column":21},"end":{"line":3,"column":1}}}},"branchMap":{},"s":{"0":3,"1":2},"f":{"0":3},"b":{}}
,"D:\\React\\webpack-ts-unit-auth-proj\\react-webpack-typescript\\src\\pages\\Home.tsx": {"path":"D:\\React\\webpack-ts-unit-auth-proj\\react-webpack-typescript\\src\\pages\\Home.tsx","statementMap":{"0":{"start":{"line":4,"column":2},"end":{"line":4,"column":null}},"1":{"start":{"line":3,"column":0},"end":{"line":3,"column":16}}},"fnMap":{"0":{"name":"Home","decl":{"start":{"line":3,"column":16},"end":{"line":3,"column":20}},"loc":{"start":{"line":3,"column":20},"end":{"line":5,"column":1}}}},"branchMap":{},"s":{"0":5,"1":2},"f":{"0":5},"b":{}}
,"D:\\React\\webpack-ts-unit-auth-proj\\react-webpack-typescript\\src\\pages\\Store.tsx": {"path":"D:\\React\\webpack-ts-unit-auth-proj\\react-webpack-typescript\\src\\pages\\Store.tsx","statementMap":{"0":{"start":{"line":1,"column":0},"end":{"line":1,"column":43}},"1":{"start":{"line":2,"column":0},"end":{"line":2,"column":42}},"2":{"start":{"line":3,"column":0},"end":{"line":3,"column":51}},"3":{"start":{"line":6,"column":2},"end":{"line":19,"column":null}},"4":{"start":{"line":11,"column":10},"end":{"line":15,"column":null}},"5":{"start":{"line":5,"column":0},"end":{"line":5,"column":16}}},"fnMap":{"0":{"name":"Store","decl":{"start":{"line":5,"column":16},"end":{"line":5,"column":21}},"loc":{"start":{"line":5,"column":21},"end":{"line":20,"column":1}}},"1":{"name":"(anonymous_4)","decl":{"start":{"line":10,"column":24},"end":{"line":10,"column":25}},"loc":{"start":{"line":10,"column":29},"end":{"line":16,"column":9}}}},"branchMap":{},"s":{"0":2,"1":2,"2":2,"3":4,"4":16,"5":2},"f":{"0":4,"1":16},"b":{}}
,"D:\\React\\webpack-ts-unit-auth-proj\\react-webpack-typescript\\src\\utilities\\formatCurrency.ts": {"path":"D:\\React\\webpack-ts-unit-auth-proj\\react-webpack-typescript\\src\\utilities\\formatCurrency.ts","statementMap":{"0":{"start":{"line":1,"column":27},"end":{"line":4,"column":2}},"1":{"start":{"line":7,"column":2},"end":{"line":7,"column":null}},"2":{"start":{"line":6,"column":0},"end":{"line":6,"column":16}}},"fnMap":{"0":{"name":"formatCurrency","decl":{"start":{"line":6,"column":16},"end":{"line":6,"column":30}},"loc":{"start":{"line":6,"column":45},"end":{"line":8,"column":1}}}},"branchMap":{},"s":{"0":4,"1":56,"2":4},"f":{"0":56},"b":{}}
}
