{"D:\\React\\webpack-ts-unit-auth-proj\\react-webpack-typescript\\src\\App.tsx": {"path":"D:\\React\\webpack-ts-unit-auth-proj\\react-webpack-typescript\\src\\App.tsx","statementMap":{"0":{"start":{"line":2,"column":0},"end":{"line":2,"column":21}},"1":{"start":{"line":3,"column":0},"end":{"line":3,"column":45}},"2":{"start":{"line":4,"column":0},"end":{"line":4,"column":48}},"3":{"start":{"line":5,"column":0},"end":{"line":5,"column":43}},"4":{"start":{"line":6,"column":0},"end":{"line":6,"column":35}},"5":{"start":{"line":7,"column":0},"end":{"line":7,"column":37}},"6":{"start":{"line":8,"column":0},"end":{"line":8,"column":37}},"7":{"start":{"line":9,"column":0},"end":{"line":9,"column":44}},"8":{"start":{"line":10,"column":0},"end":{"line":10,"column":69}},"9":{"start":{"line":12,"column":19},"end":{"line":25,"column":1}},"10":{"start":{"line":13,"column":2},"end":{"line":24,"column":null}},"11":{"start":{"line":12,"column":13},"end":{"line":12,"column":19}}},"fnMap":{"0":{"name":"(anonymous_0)","decl":{"start":{"line":12,"column":19},"end":{"line":12,"column":null}},"loc":{"start":{"line":12,"column":19},"end":{"line":25,"column":1}}}},"branchMap":{},"s":{"0":0,"1":0,"2":0,"3":0,"4":0,"5":0,"6":0,"7":0,"8":0,"9":0,"10":0,"11":0},"f":{"0":0},"b":{}}
,"D:\\React\\webpack-ts-unit-auth-proj\\react-webpack-typescript\\src\\index.tsx": {"path":"D:\\React\\webpack-ts-unit-auth-proj\\react-webpack-typescript\\src\\index.tsx","statementMap":{"0":{"start":{"line":1,"column":0},"end":{"line":1,"column":25}},"1":{"start":{"line":2,"column":0},"end":{"line":2,"column":39}},"2":{"start":{"line":3,"column":0},"end":{"line":3,"column":27}},"3":{"start":{"line":4,"column":0},"end":{"line":4,"column":48}},"4":{"start":{"line":6,"column":0},"end":{"line":12,"column":null}}},"fnMap":{},"branchMap":{},"s":{"0":0,"1":0,"2":0,"3":0,"4":0},"f":{},"b":{}}
,"D:\\React\\webpack-ts-unit-auth-proj\\react-webpack-typescript\\src\\setupDomTests.ts": {"path":"D:\\React\\webpack-ts-unit-auth-proj\\react-webpack-typescript\\src\\setupDomTests.ts","statementMap":{"0":{"start":{"line":3,"column":0},"end":{"line":15,"column":null}},"1":{"start":{"line":5,"column":29},"end":{"line":14,"column":null}}},"fnMap":{"0":{"name":"(anonymous_0)","decl":{"start":{"line":5,"column":9},"end":{"line":5,"column":10}},"loc":{"start":{"line":5,"column":24},"end":{"line":5,"column":30}}},"1":{"name":"(anonymous_1)","decl":{"start":{"line":9,"column":17},"end":{"line":9,"column":24}},"loc":{"start":{"line":9,"column":17},"end":{"line":9,"column":25}}},"2":{"name":"(anonymous_2)","decl":{"start":{"line":10,"column":20},"end":{"line":10,"column":27}},"loc":{"start":{"line":10,"column":20},"end":{"line":10,"column":28}}},"3":{"name":"(anonymous_3)","decl":{"start":{"line":11,"column":22},"end":{"line":11,"column":29}},"loc":{"start":{"line":11,"column":22},"end":{"line":11,"column":30}}},"4":{"name":"(anonymous_4)","decl":{"start":{"line":12,"column":25},"end":{"line":12,"column":32}},"loc":{"start":{"line":12,"column":25},"end":{"line":12,"column":33}}},"5":{"name":"(anonymous_5)","decl":{"start":{"line":13,"column":19},"end":{"line":13,"column":26}},"loc":{"start":{"line":13,"column":19},"end":{"line":13,"column":27}}}},"branchMap":{},"s":{"0":7,"1":1},"f":{"0":1,"1":1,"2":1,"3":0,"4":0,"5":0},"b":{}}
,"D:\\React\\webpack-ts-unit-auth-proj\\react-webpack-typescript\\src\\components\\Navbar.tsx": {"path":"D:\\React\\webpack-ts-unit-auth-proj\\react-webpack-typescript\\src\\components\\Navbar.tsx","statementMap":{"0":{"start":{"line":1,"column":0},"end":{"line":1,"column":76}},"1":{"start":{"line":2,"column":0},"end":{"line":2,"column":42}},"2":{"start":{"line":3,"column":0},"end":{"line":3,"column":72}},"3":{"start":{"line":6,"column":37},"end":{"line":6,"column":61}},"4":{"start":{"line":6,"column":18},"end":{"line":6,"column":20}},"5":{"start":{"line":6,"column":32},"end":{"line":6,"column":37}},"6":{"start":{"line":7,"column":2},"end":{"line":60,"column":null}},"7":{"start":{"line":5,"column":0},"end":{"line":5,"column":16}}},"fnMap":{"0":{"name":"Navbar","decl":{"start":{"line":5,"column":16},"end":{"line":5,"column":22}},"loc":{"start":{"line":5,"column":22},"end":{"line":61,"column":1}}}},"branchMap":{"0":{"loc":{"start":{"line":25,"column":9},"end":{"line":56,"column":null}},"type":"binary-expr","locations":[{"start":{"line":25,"column":9},"end":{"line":25,"column":25}},{"start":{"line":26,"column":10},"end":{"line":55,"column":null}}]}},"s":{"0":2,"1":2,"2":2,"3":14,"4":14,"5":14,"6":14,"7":2},"f":{"0":14},"b":{"0":[14,5]}}
,"D:\\React\\webpack-ts-unit-auth-proj\\react-webpack-typescript\\src\\components\\ShoppingCart.tsx": {"path":"D:\\React\\webpack-ts-unit-auth-proj\\react-webpack-typescript\\src\\components\\ShoppingCart.tsx","statementMap":{"0":{"start":{"line":1,"column":0},"end":{"line":1,"column":50}},"1":{"start":{"line":2,"column":0},"end":{"line":2,"column":72}},"2":{"start":{"line":3,"column":0},"end":{"line":3,"column":65}},"3":{"start":{"line":4,"column":0},"end":{"line":4,"column":60}},"4":{"start":{"line":5,"column":0},"end":{"line":5,"column":43}},"5":{"start":{"line":7,"column":0},"end":{"line":7,"column":35}},"6":{"start":{"line":13,"column":37},"end":{"line":13,"column":58}},"7":{"start":{"line":14,"column":35},"end":{"line":14,"column":59}},"8":{"start":{"line":14,"column":19},"end":{"line":14,"column":21}},"9":{"start":{"line":14,"column":30},"end":{"line":14,"column":35}},"10":{"start":{"line":18,"column":64},"end":{"line":26,"column":8}},"11":{"start":{"line":21,"column":4},"end":{"line":25,"column":null}},"12":{"start":{"line":22,"column":6},"end":{"line":24,"column":null}},"13":{"start":{"line":28,"column":2},"end":{"line":58,"column":null}},"14":{"start":{"line":42,"column":14},"end":{"line":42,"column":null}},"15":{"start":{"line":48,"column":51},"end":{"line":49,"column":null}},"16":{"start":{"line":49,"column":33},"end":{"line":49,"column":null}},"17":{"start":{"line":51,"column":16},"end":{"line":51,"column":null}},"18":{"start":{"line":13,"column":0},"end":{"line":13,"column":16}}},"fnMap":{"0":{"name":"ShoppingCart","decl":{"start":{"line":13,"column":16},"end":{"line":13,"column":28}},"loc":{"start":{"line":13,"column":58},"end":{"line":59,"column":1}}},"1":{"name":"(anonymous_4)","decl":{"start":{"line":20,"column":4},"end":{"line":20,"column":5}},"loc":{"start":{"line":20,"column":25},"end":{"line":26,"column":3}}},"2":{"name":"(anonymous_5)","decl":{"start":{"line":41,"column":26},"end":{"line":41,"column":27}},"loc":{"start":{"line":41,"column":31},"end":{"line":43,"column":13}}},"3":{"name":"(anonymous_6)","decl":{"start":{"line":47,"column":31},"end":{"line":47,"column":32}},"loc":{"start":{"line":47,"column":47},"end":{"line":52,"column":15}}},"4":{"name":"(anonymous_7)","decl":{"start":{"line":49,"column":18},"end":{"line":49,"column":19}},"loc":{"start":{"line":49,"column":28},"end":{"line":49,"column":42}}}},"branchMap":{"0":{"loc":{"start":{"line":21,"column":4},"end":{"line":25,"column":null}},"type":"if","locations":[{"start":{"line":21,"column":4},"end":{"line":25,"column":null}}]},"1":{"loc":{"start":{"line":22,"column":6},"end":{"line":24,"column":70}},"type":"cond-expr","locations":[{"start":{"line":23,"column":36},"end":{"line":23,"column":null}},{"start":{"line":23,"column":36},"end":{"line":24,"column":70}}]},"2":{"loc":{"start":{"line":22,"column":6},"end":{"line":23,"column":null}},"type":"binary-expr","locations":[{"start":{"line":22,"column":6},"end":{"line":23,"column":null}},{"start":{"line":23,"column":36},"end":{"line":23,"column":null}}]},"3":{"loc":{"start":{"line":40,"column":11},"end":{"line":43,"column":14}},"type":"binary-expr","locations":[{"start":{"line":40,"column":11},"end":{"line":40,"column":20}},{"start":{"line":41,"column":12},"end":{"line":43,"column":14}}]},"4":{"loc":{"start":{"line":51,"column":32},"end":{"line":51,"column":48}},"type":"binary-expr","locations":[{"start":{"line":51,"column":32},"end":{"line":51,"column":43}},{"start":{"line":51,"column":47},"end":{"line":51,"column":48}}]},"5":{"loc":{"start":{"line":51,"column":32},"end":{"line":51,"column":43}},"type":"cond-expr","locations":[{"start":{"line":51,"column":36},"end":{"line":51,"column":38}},{"start":{"line":51,"column":32},"end":{"line":51,"column":43}}]},"6":{"loc":{"start":{"line":51,"column":32},"end":{"line":51,"column":38}},"type":"binary-expr","locations":[{"start":{"line":51,"column":32},"end":{"line":51,"column":38}},{"start":{"line":51,"column":32},"end":{"line":51,"column":38}}]}},"s":{"0":4,"1":4,"2":4,"3":4,"4":4,"5":4,"6":2,"7":2,"8":2,"9":2,"10":2,"11":2,"12":1,"13":2,"14":1,"15":1,"16":1,"17":1,"18":4},"f":{"0":2,"1":2,"2":1,"3":1,"4":1},"b":{"0":[1],"1":[0,1],"2":[1,1],"3":[2,2],"4":[1,0],"5":[0,1],"6":[1,1]}}
,"D:\\React\\webpack-ts-unit-auth-proj\\react-webpack-typescript\\src\\components\\ShoppingCartItem.tsx": {"path":"D:\\React\\webpack-ts-unit-auth-proj\\react-webpack-typescript\\src\\components\\ShoppingCartItem.tsx","statementMap":{"0":{"start":{"line":1,"column":0},"end":{"line":1,"column":47}},"1":{"start":{"line":2,"column":0},"end":{"line":2,"column":null}},"2":{"start":{"line":6,"column":0},"end":{"line":6,"column":43}},"3":{"start":{"line":8,"column":0},"end":{"line":8,"column":60}},"4":{"start":{"line":10,"column":37},"end":{"line":10,"column":39}},"5":{"start":{"line":10,"column":47},"end":{"line":10,"column":59}},"6":{"start":{"line":11,"column":29},"end":{"line":11,"column":null}},"7":{"start":{"line":12,"column":41},"end":{"line":13,"column":null}},"8":{"start":{"line":13,"column":14},"end":{"line":13,"column":null}},"9":{"start":{"line":16,"column":2},"end":{"line":16,"column":null}},"10":{"start":{"line":16,"column":24},"end":{"line":16,"column":null}},"11":{"start":{"line":18,"column":2},"end":{"line":65,"column":null}},"12":{"start":{"line":59,"column":23},"end":{"line":59,"column":null}},"13":{"start":{"line":10,"column":0},"end":{"line":10,"column":16}}},"fnMap":{"0":{"name":"ShoppingCartItem","decl":{"start":{"line":10,"column":16},"end":{"line":10,"column":32}},"loc":{"start":{"line":10,"column":59},"end":{"line":66,"column":1}}},"1":{"name":"(anonymous_2)","decl":{"start":{"line":13,"column":4},"end":{"line":13,"column":5}},"loc":{"start":{"line":13,"column":9},"end":{"line":13,"column":18}}},"2":{"name":"(anonymous_3)","decl":{"start":{"line":59,"column":17},"end":{"line":59,"column":23}},"loc":{"start":{"line":59,"column":17},"end":{"line":59,"column":37}}}},"branchMap":{"0":{"loc":{"start":{"line":16,"column":2},"end":{"line":16,"column":null}},"type":"if","locations":[{"start":{"line":16,"column":2},"end":{"line":16,"column":null}}]},"1":{"loc":{"start":{"line":26,"column":13},"end":{"line":26,"column":44}},"type":"cond-expr","locations":[{"start":{"line":26,"column":24},"end":{"line":26,"column":39}},{"start":{"line":26,"column":42},"end":{"line":26,"column":44}}]},"2":{"loc":{"start":{"line":33,"column":11},"end":{"line":40,"column":null}},"type":"binary-expr","locations":[{"start":{"line":33,"column":11},"end":{"line":33,"column":23}},{"start":{"line":34,"column":12},"end":{"line":39,"column":null}}]}},"s":{"0":4,"1":4,"2":4,"3":4,"4":1,"5":1,"6":1,"7":1,"8":1,"9":1,"10":0,"11":1,"12":1,"13":4},"f":{"0":1,"1":1,"2":1},"b":{"0":[0],"1":[1,0],"2":[1,1]}}
,"D:\\React\\webpack-ts-unit-auth-proj\\react-webpack-typescript\\src\\components\\StoreItem.tsx": {"path":"D:\\React\\webpack-ts-unit-auth-proj\\react-webpack-typescript\\src\\components\\StoreItem.tsx","statementMap":{"0":{"start":{"line":1,"column":0},"end":{"line":1,"column":46}},"1":{"start":{"line":2,"column":0},"end":{"line":2,"column":60}},"2":{"start":{"line":3,"column":0},"end":{"line":3,"column":72}},"3":{"start":{"line":8,"column":4},"end":{"line":8,"column":null}},"4":{"start":{"line":9,"column":6},"end":{"line":9,"column":null}},"5":{"start":{"line":10,"column":7},"end":{"line":10,"column":null}},"6":{"start":{"line":11,"column":8},"end":{"line":11,"column":null}},"7":{"start":{"line":18,"column":6},"end":{"line":18,"column":30}},"8":{"start":{"line":14,"column":19},"end":{"line":14,"column":null}},"9":{"start":{"line":15,"column":24},"end":{"line":15,"column":null}},"10":{"start":{"line":16,"column":24},"end":{"line":16,"column":null}},"11":{"start":{"line":17,"column":18},"end":{"line":17,"column":null}},"12":{"start":{"line":20,"column":19},"end":{"line":20,"column":38}},"13":{"start":{"line":22,"column":2},"end":{"line":92,"column":null}},"14":{"start":{"line":44,"column":27},"end":{"line":44,"column":null}},"15":{"start":{"line":60,"column":31},"end":{"line":60,"column":null}},"16":{"start":{"line":73,"column":31},"end":{"line":73,"column":null}},"17":{"start":{"line":83,"column":29},"end":{"line":83,"column":null}},"18":{"start":{"line":6,"column":0},"end":{"line":6,"column":16}}},"fnMap":{"0":{"name":"StoreItem","decl":{"start":{"line":6,"column":16},"end":{"line":6,"column":25}},"loc":{"start":{"line":12,"column":11},"end":{"line":93,"column":1}}},"1":{"name":"(anonymous_1)","decl":{"start":{"line":44,"column":21},"end":{"line":44,"column":27}},"loc":{"start":{"line":44,"column":21},"end":{"line":44,"column":47}}},"2":{"name":"(anonymous_2)","decl":{"start":{"line":60,"column":25},"end":{"line":60,"column":31}},"loc":{"start":{"line":60,"column":25},"end":{"line":60,"column":51}}},"3":{"name":"(anonymous_3)","decl":{"start":{"line":73,"column":25},"end":{"line":73,"column":31}},"loc":{"start":{"line":73,"column":25},"end":{"line":73,"column":51}}},"4":{"name":"(anonymous_4)","decl":{"start":{"line":83,"column":23},"end":{"line":83,"column":29}},"loc":{"start":{"line":83,"column":23},"end":{"line":83,"column":43}}}},"branchMap":{"0":{"loc":{"start":{"line":40,"column":9},"end":{"line":88,"column":null}},"type":"cond-expr","locations":[{"start":{"line":41,"column":10},"end":{"line":45,"column":null}},{"start":{"line":50,"column":10},"end":{"line":87,"column":null}}]}},"s":{"0":4,"1":4,"2":4,"3":79,"4":79,"5":79,"6":79,"7":79,"8":79,"9":79,"10":79,"11":79,"12":79,"13":79,"14":6,"15":3,"16":6,"17":2,"18":4},"f":{"0":79,"1":6,"2":3,"3":6,"4":2},"b":{"0":[61,18]}}
,"D:\\React\\webpack-ts-unit-auth-proj\\react-webpack-typescript\\src\\contexts\\ShoppingCartContext.tsx": {"path":"D:\\React\\webpack-ts-unit-auth-proj\\react-webpack-typescript\\src\\contexts\\ShoppingCartContext.tsx","statementMap":{"0":{"start":{"line":1,"column":0},"end":{"line":1,"column":70}},"1":{"start":{"line":2,"column":0},"end":{"line":2,"column":57}},"2":{"start":{"line":24,"column":28},"end":{"line":24,"column":72}},"3":{"start":{"line":27,"column":2},"end":{"line":27,"column":null}},"4":{"start":{"line":26,"column":0},"end":{"line":26,"column":16}},"5":{"start":{"line":30,"column":47},"end":{"line":30,"column":76}},"6":{"start":{"line":31,"column":36},"end":{"line":31,"column":60}},"7":{"start":{"line":31,"column":18},"end":{"line":31,"column":20}},"8":{"start":{"line":31,"column":32},"end":{"line":31,"column":36}},"9":{"start":{"line":32,"column":30},"end":{"line":32,"column":54}},"10":{"start":{"line":32,"column":15},"end":{"line":32,"column":17}},"11":{"start":{"line":32,"column":26},"end":{"line":32,"column":30}},"12":{"start":{"line":34,"column":26},"end":{"line":36,"column":3}},"13":{"start":{"line":35,"column":4},"end":{"line":35,"column":null}},"14":{"start":{"line":35,"column":36},"end":{"line":35,"column":51}},"15":{"start":{"line":38,"column":31},"end":{"line":52,"column":3}},"16":{"start":{"line":39,"column":4},"end":{"line":51,"column":null}},"17":{"start":{"line":40,"column":6},"end":{"line":50,"column":null}},"18":{"start":{"line":40,"column":35},"end":{"line":40,"column":50}},"19":{"start":{"line":41,"column":8},"end":{"line":41,"column":50}},"20":{"start":{"line":43,"column":8},"end":{"line":49,"column":null}},"21":{"start":{"line":44,"column":10},"end":{"line":48,"column":null}},"22":{"start":{"line":45,"column":12},"end":{"line":45,"column":59}},"23":{"start":{"line":47,"column":12},"end":{"line":47,"column":null}},"24":{"start":{"line":54,"column":31},"end":{"line":68,"column":3}},"25":{"start":{"line":55,"column":4},"end":{"line":67,"column":null}},"26":{"start":{"line":56,"column":6},"end":{"line":66,"column":null}},"27":{"start":{"line":56,"column":35},"end":{"line":56,"column":50}},"28":{"start":{"line":57,"column":8},"end":{"line":57,"column":null}},"29":{"start":{"line":57,"column":42},"end":{"line":57,"column":57}},"30":{"start":{"line":59,"column":8},"end":{"line":65,"column":null}},"31":{"start":{"line":60,"column":10},"end":{"line":64,"column":null}},"32":{"start":{"line":61,"column":12},"end":{"line":61,"column":59}},"33":{"start":{"line":63,"column":12},"end":{"line":63,"column":null}},"34":{"start":{"line":70,"column":25},"end":{"line":74,"column":3}},"35":{"start":{"line":71,"column":4},"end":{"line":73,"column":null}},"36":{"start":{"line":72,"column":6},"end":{"line":72,"column":null}},"37":{"start":{"line":72,"column":40},"end":{"line":72,"column":55}},"38":{"start":{"line":76,"column":19},"end":{"line":78,"column":3}},"39":{"start":{"line":77,"column":4},"end":{"line":77,"column":null}},"40":{"start":{"line":79,"column":20},"end":{"line":81,"column":3}},"41":{"start":{"line":80,"column":4},"end":{"line":80,"column":null}},"42":{"start":{"line":83,"column":23},"end":{"line":85,"column":7}},"43":{"start":{"line":84,"column":4},"end":{"line":84,"column":null}},"44":{"start":{"line":87,"column":2},"end":{"line":104,"column":null}},"45":{"start":{"line":30,"column":0},"end":{"line":30,"column":16}}},"fnMap":{"0":{"name":"useShoppingCartContext","decl":{"start":{"line":26,"column":16},"end":{"line":26,"column":38}},"loc":{"start":{"line":26,"column":38},"end":{"line":28,"column":1}}},"1":{"name":"ShoppingCartProvider","decl":{"start":{"line":30,"column":16},"end":{"line":30,"column":36}},"loc":{"start":{"line":30,"column":76},"end":{"line":105,"column":1}}},"2":{"name":"(anonymous_5)","decl":{"start":{"line":34,"column":26},"end":{"line":34,"column":27}},"loc":{"start":{"line":34,"column":37},"end":{"line":36,"column":3}}},"3":{"name":"(anonymous_6)","decl":{"start":{"line":35,"column":26},"end":{"line":35,"column":27}},"loc":{"start":{"line":35,"column":31},"end":{"line":35,"column":38}}},"4":{"name":"(anonymous_7)","decl":{"start":{"line":38,"column":31},"end":{"line":38,"column":32}},"loc":{"start":{"line":38,"column":42},"end":{"line":52,"column":3}}},"5":{"name":"(anonymous_8)","decl":{"start":{"line":39,"column":17},"end":{"line":39,"column":18}},"loc":{"start":{"line":39,"column":27},"end":{"line":51,"column":5}}},"6":{"name":"(anonymous_9)","decl":{"start":{"line":40,"column":25},"end":{"line":40,"column":26}},"loc":{"start":{"line":40,"column":30},"end":{"line":40,"column":39}}},"7":{"name":"(anonymous_10)","decl":{"start":{"line":43,"column":29},"end":{"line":43,"column":30}},"loc":{"start":{"line":43,"column":34},"end":{"line":49,"column":9}}},"8":{"name":"(anonymous_11)","decl":{"start":{"line":54,"column":31},"end":{"line":54,"column":32}},"loc":{"start":{"line":54,"column":42},"end":{"line":68,"column":3}}},"9":{"name":"(anonymous_12)","decl":{"start":{"line":55,"column":17},"end":{"line":55,"column":18}},"loc":{"start":{"line":55,"column":27},"end":{"line":67,"column":5}}},"10":{"name":"(anonymous_13)","decl":{"start":{"line":56,"column":25},"end":{"line":56,"column":26}},"loc":{"start":{"line":56,"column":30},"end":{"line":56,"column":39}}},"11":{"name":"(anonymous_14)","decl":{"start":{"line":57,"column":32},"end":{"line":57,"column":33}},"loc":{"start":{"line":57,"column":37},"end":{"line":57,"column":46}}},"12":{"name":"(anonymous_15)","decl":{"start":{"line":59,"column":29},"end":{"line":59,"column":30}},"loc":{"start":{"line":59,"column":34},"end":{"line":65,"column":9}}},"13":{"name":"(anonymous_16)","decl":{"start":{"line":70,"column":25},"end":{"line":70,"column":26}},"loc":{"start":{"line":70,"column":36},"end":{"line":74,"column":3}}},"14":{"name":"(anonymous_17)","decl":{"start":{"line":71,"column":17},"end":{"line":71,"column":18}},"loc":{"start":{"line":71,"column":27},"end":{"line":73,"column":5}}},"15":{"name":"(anonymous_18)","decl":{"start":{"line":72,"column":30},"end":{"line":72,"column":31}},"loc":{"start":{"line":72,"column":35},"end":{"line":72,"column":44}}},"16":{"name":"(anonymous_19)","decl":{"start":{"line":76,"column":19},"end":{"line":76,"column":null}},"loc":{"start":{"line":76,"column":19},"end":{"line":78,"column":3}}},"17":{"name":"(anonymous_20)","decl":{"start":{"line":79,"column":20},"end":{"line":79,"column":null}},"loc":{"start":{"line":79,"column":20},"end":{"line":81,"column":3}}},"18":{"name":"(anonymous_21)","decl":{"start":{"line":83,"column":40},"end":{"line":83,"column":41}},"loc":{"start":{"line":83,"column":54},"end":{"line":85,"column":3}}}},"branchMap":{"0":{"loc":{"start":{"line":35,"column":11},"end":{"line":35,"column":66}},"type":"binary-expr","locations":[{"start":{"line":35,"column":11},"end":{"line":35,"column":61}},{"start":{"line":35,"column":65},"end":{"line":35,"column":66}}]},"1":{"loc":{"start":{"line":35,"column":11},"end":{"line":35,"column":61}},"type":"cond-expr","locations":[{"start":{"line":35,"column":51},"end":{"line":35,"column":53}},{"start":{"line":35,"column":51},"end":{"line":35,"column":61}}]},"2":{"loc":{"start":{"line":35,"column":11},"end":{"line":35,"column":53}},"type":"binary-expr","locations":[{"start":{"line":35,"column":11},"end":{"line":35,"column":53}},{"start":{"line":35,"column":51},"end":{"line":35,"column":53}}]},"3":{"loc":{"start":{"line":40,"column":6},"end":{"line":50,"column":null}},"type":"if","locations":[{"start":{"line":40,"column":6},"end":{"line":50,"column":null}},{"start":{"line":42,"column":13},"end":{"line":50,"column":null}}]},"4":{"loc":{"start":{"line":44,"column":10},"end":{"line":48,"column":null}},"type":"if","locations":[{"start":{"line":44,"column":10},"end":{"line":48,"column":null}},{"start":{"line":46,"column":17},"end":{"line":48,"column":null}}]},"5":{"loc":{"start":{"line":56,"column":6},"end":{"line":66,"column":null}},"type":"if","locations":[{"start":{"line":56,"column":6},"end":{"line":66,"column":null}},{"start":{"line":58,"column":13},"end":{"line":66,"column":null}}]},"6":{"loc":{"start":{"line":56,"column":10},"end":{"line":56,"column":60}},"type":"cond-expr","locations":[{"start":{"line":56,"column":50},"end":{"line":56,"column":52}},{"start":{"line":56,"column":50},"end":{"line":56,"column":60}}]},"7":{"loc":{"start":{"line":56,"column":10},"end":{"line":56,"column":52}},"type":"binary-expr","locations":[{"start":{"line":56,"column":10},"end":{"line":56,"column":52}},{"start":{"line":56,"column":50},"end":{"line":56,"column":52}}]},"8":{"loc":{"start":{"line":60,"column":10},"end":{"line":64,"column":null}},"type":"if","locations":[{"start":{"line":60,"column":10},"end":{"line":64,"column":null}},{"start":{"line":62,"column":17},"end":{"line":64,"column":null}}]},"9":{"loc":{"start":{"line":102,"column":7},"end":{"line":102,"column":55}},"type":"cond-expr","locations":[{"start":{"line":102,"column":16},"end":{"line":102,"column":48}},{"start":{"line":102,"column":51},"end":{"line":102,"column":55}}]}},"s":{"0":4,"1":4,"2":4,"3":96,"4":4,"5":31,"6":31,"7":31,"8":31,"9":31,"10":31,"11":31,"12":31,"13":79,"14":51,"15":31,"16":12,"17":12,"18":7,"19":6,"20":6,"21":7,"22":6,"23":1,"24":31,"25":3,"26":3,"27":3,"28":1,"29":1,"30":2,"31":3,"32":2,"33":1,"34":31,"35":3,"36":3,"37":3,"38":31,"39":1,"40":31,"41":1,"42":31,"43":18,"44":31,"45":4},"f":{"0":96,"1":31,"2":79,"3":51,"4":12,"5":12,"6":7,"7":7,"8":3,"9":3,"10":3,"11":1,"12":3,"13":3,"14":3,"15":3,"16":1,"17":1,"18":18},"b":{"0":[79,61],"1":[61,18],"2":[79,79],"3":[6,6],"4":[6,1],"5":[1,2],"6":[0,3],"7":[3,3],"8":[2,1],"9":[2,29]}}
,"D:\\React\\webpack-ts-unit-auth-proj\\react-webpack-typescript\\src\\pages\\About.tsx": {"path":"D:\\React\\webpack-ts-unit-auth-proj\\react-webpack-typescript\\src\\pages\\About.tsx","statementMap":{"0":{"start":{"line":2,"column":2},"end":{"line":2,"column":null}},"1":{"start":{"line":1,"column":0},"end":{"line":1,"column":16}}},"fnMap":{"0":{"name":"About","decl":{"start":{"line":1,"column":16},"end":{"line":1,"column":21}},"loc":{"start":{"line":1,"column":21},"end":{"line":3,"column":1}}}},"branchMap":{},"s":{"0":3,"1":2},"f":{"0":3},"b":{}}
,"D:\\React\\webpack-ts-unit-auth-proj\\react-webpack-typescript\\src\\pages\\Home.tsx": {"path":"D:\\React\\webpack-ts-unit-auth-proj\\react-webpack-typescript\\src\\pages\\Home.tsx","statementMap":{"0":{"start":{"line":4,"column":2},"end":{"line":4,"column":null}},"1":{"start":{"line":3,"column":0},"end":{"line":3,"column":16}}},"fnMap":{"0":{"name":"Home","decl":{"start":{"line":3,"column":16},"end":{"line":3,"column":20}},"loc":{"start":{"line":3,"column":20},"end":{"line":5,"column":1}}}},"branchMap":{},"s":{"0":5,"1":2},"f":{"0":5},"b":{}}
,"D:\\React\\webpack-ts-unit-auth-proj\\react-webpack-typescript\\src\\pages\\Store.tsx": {"path":"D:\\React\\webpack-ts-unit-auth-proj\\react-webpack-typescript\\src\\pages\\Store.tsx","statementMap":{"0":{"start":{"line":1,"column":0},"end":{"line":1,"column":43}},"1":{"start":{"line":2,"column":0},"end":{"line":2,"column":42}},"2":{"start":{"line":3,"column":0},"end":{"line":3,"column":51}},"3":{"start":{"line":6,"column":2},"end":{"line":19,"column":null}},"4":{"start":{"line":11,"column":10},"end":{"line":15,"column":null}},"5":{"start":{"line":5,"column":0},"end":{"line":5,"column":16}}},"fnMap":{"0":{"name":"Store","decl":{"start":{"line":5,"column":16},"end":{"line":5,"column":21}},"loc":{"start":{"line":5,"column":21},"end":{"line":20,"column":1}}},"1":{"name":"(anonymous_4)","decl":{"start":{"line":10,"column":24},"end":{"line":10,"column":25}},"loc":{"start":{"line":10,"column":29},"end":{"line":16,"column":9}}}},"branchMap":{},"s":{"0":3,"1":3,"2":3,"3":5,"4":20,"5":3},"f":{"0":5,"1":20},"b":{}}
,"D:\\React\\webpack-ts-unit-auth-proj\\react-webpack-typescript\\src\\utilities\\formatCurrency.ts": {"path":"D:\\React\\webpack-ts-unit-auth-proj\\react-webpack-typescript\\src\\utilities\\formatCurrency.ts","statementMap":{"0":{"start":{"line":1,"column":27},"end":{"line":4,"column":2}},"1":{"start":{"line":7,"column":2},"end":{"line":7,"column":null}},"2":{"start":{"line":6,"column":0},"end":{"line":6,"column":16}}},"fnMap":{"0":{"name":"formatCurrency","decl":{"start":{"line":6,"column":16},"end":{"line":6,"column":30}},"loc":{"start":{"line":6,"column":45},"end":{"line":8,"column":1}}}},"branchMap":{},"s":{"0":5,"1":84,"2":5},"f":{"0":84},"b":{}}
}
