TN:
SF:src\App.tsx
FN:12,(anonymous_0)
FNF:1
FNH:0
FNDA:0,(anonymous_0)
DA:2,0
DA:3,0
DA:4,0
DA:5,0
DA:6,0
DA:7,0
DA:8,0
DA:9,0
DA:10,0
DA:12,0
DA:13,0
LF:11
LH:0
BRF:0
BRH:0
end_of_record
TN:
SF:src\index.tsx
FNF:0
FNH:0
DA:1,0
DA:2,0
DA:3,0
DA:4,0
DA:6,0
LF:5
LH:0
BRF:0
BRH:0
end_of_record
TN:
SF:src\components\Navbar.tsx
FN:5,Navbar
FNF:1
FNH:1
FNDA:20,Navbar
DA:1,3
DA:2,3
DA:3,3
DA:5,3
DA:6,20
DA:7,20
LF:6
LH:6
BRDA:25,0,0,20
BRDA:25,0,1,10
BRF:2
BRH:2
end_of_record
TN:
SF:src\components\ShoppingCart.tsx
FN:13,ShoppingCart
FN:20,(anonymous_4)
FN:41,(anonymous_5)
FN:47,(anonymous_6)
FN:49,(anonymous_7)
FNF:5
FNH:5
FNDA:3,ShoppingCart
FNDA:4,(anonymous_4)
FNDA:3,(anonymous_5)
FNDA:3,(anonymous_6)
FNDA:4,(anonymous_7)
DA:1,5
DA:2,5
DA:3,5
DA:4,5
DA:5,5
DA:7,5
DA:13,5
DA:14,3
DA:18,3
DA:21,4
DA:22,2
DA:28,3
DA:42,3
DA:48,3
DA:49,4
DA:51,3
LF:16
LH:16
BRDA:21,0,0,2
BRDA:22,1,0,0
BRDA:22,1,1,2
BRDA:22,2,0,2
BRDA:22,2,1,2
BRDA:40,3,0,3
BRDA:40,3,1,3
BRDA:51,4,0,3
BRDA:51,4,1,0
BRDA:51,5,0,0
BRDA:51,5,1,3
BRDA:51,6,0,3
BRDA:51,6,1,3
BRF:13
BRH:10
end_of_record
TN:
SF:src\components\ShoppingCartItem.tsx
FN:10,ShoppingCartItem
FN:13,(anonymous_2)
FN:59,(anonymous_3)
FNF:3
FNH:3
FNDA:3,ShoppingCartItem
FNDA:4,(anonymous_2)
FNDA:1,(anonymous_3)
DA:1,5
DA:2,5
DA:6,5
DA:8,5
DA:10,5
DA:11,3
DA:12,3
DA:13,4
DA:16,3
DA:18,3
DA:59,1
LF:11
LH:11
BRDA:16,0,0,0
BRDA:33,1,0,3
BRDA:33,1,1,2
BRF:3
BRH:2
end_of_record
TN:
SF:src\components\StoreItem.tsx
FN:6,StoreItem
FN:44,(anonymous_1)
FN:60,(anonymous_2)
FN:73,(anonymous_3)
FN:83,(anonymous_4)
FNF:5
FNH:5
FNDA:103,StoreItem
FNDA:8,(anonymous_1)
FNDA:3,(anonymous_2)
FNDA:7,(anonymous_3)
FNDA:2,(anonymous_4)
DA:1,5
DA:2,5
DA:3,5
DA:6,5
DA:8,103
DA:9,103
DA:10,103
DA:11,103
DA:14,103
DA:15,103
DA:16,103
DA:17,103
DA:18,103
DA:20,103
DA:22,103
DA:44,8
DA:60,3
DA:73,7
DA:83,2
LF:19
LH:19
BRDA:40,0,0,77
BRDA:40,0,1,26
BRF:2
BRH:2
end_of_record
TN:
SF:src\contexts\ShoppingCartContext.tsx
FN:26,useShoppingCartContext
FN:30,ShoppingCartProvider
FN:34,(anonymous_5)
FN:35,(anonymous_6)
FN:38,(anonymous_7)
FN:39,(anonymous_8)
FN:40,(anonymous_9)
FN:43,(anonymous_10)
FN:54,(anonymous_11)
FN:55,(anonymous_12)
FN:56,(anonymous_13)
FN:57,(anonymous_14)
FN:59,(anonymous_15)
FN:70,(anonymous_16)
FN:71,(anonymous_17)
FN:72,(anonymous_18)
FN:76,(anonymous_19)
FN:79,(anonymous_20)
FN:83,(anonymous_21)
FNF:19
FNH:19
FNDA:129,useShoppingCartContext
FNDA:37,ShoppingCartProvider
FNDA:103,(anonymous_5)
FNDA:80,(anonymous_6)
FNDA:15,(anonymous_7)
FNDA:15,(anonymous_8)
FNDA:9,(anonymous_9)
FNDA:8,(anonymous_10)
FNDA:3,(anonymous_11)
FNDA:3,(anonymous_12)
FNDA:3,(anonymous_13)
FNDA:1,(anonymous_14)
FNDA:3,(anonymous_15)
FNDA:3,(anonymous_16)
FNDA:3,(anonymous_17)
FNDA:3,(anonymous_18)
FNDA:2,(anonymous_19)
FNDA:2,(anonymous_20)
FNDA:26,(anonymous_21)
DA:1,5
DA:2,5
DA:24,5
DA:26,5
DA:27,129
DA:30,37
DA:31,37
DA:32,37
DA:34,37
DA:35,103
DA:38,37
DA:39,15
DA:40,15
DA:41,8
DA:43,7
DA:44,8
DA:45,7
DA:47,1
DA:54,37
DA:55,3
DA:56,3
DA:57,1
DA:59,2
DA:60,3
DA:61,2
DA:63,1
DA:70,37
DA:71,3
DA:72,3
DA:76,37
DA:77,2
DA:79,37
DA:80,2
DA:83,37
DA:84,26
DA:87,37
LF:36
LH:36
BRDA:35,0,0,103
BRDA:35,0,1,77
BRDA:35,1,0,77
BRDA:35,1,1,26
BRDA:35,2,0,103
BRDA:35,2,1,103
BRDA:40,3,0,8
BRDA:40,3,1,7
BRDA:44,4,0,7
BRDA:44,4,1,1
BRDA:56,5,0,1
BRDA:56,5,1,2
BRDA:56,6,0,0
BRDA:56,6,1,3
BRDA:56,7,0,3
BRDA:56,7,1,3
BRDA:60,8,0,2
BRDA:60,8,1,1
BRDA:102,9,0,3
BRDA:102,9,1,34
BRF:20
BRH:19
end_of_record
TN:
SF:src\pages\About.tsx
FN:4,About
FN:9,(anonymous_1)
FN:12,(anonymous_2)
FN:14,(anonymous_3)
FN:21,(anonymous_4)
FN:31,(anonymous_5)
FNF:6
FNH:2
FNDA:3,About
FNDA:3,(anonymous_1)
FNDA:0,(anonymous_2)
FNDA:0,(anonymous_3)
FNDA:0,(anonymous_4)
FNDA:0,(anonymous_5)
DA:1,2
DA:2,2
DA:4,2
DA:5,3
DA:6,3
DA:9,3
DA:10,3
DA:12,3
DA:13,0
DA:14,0
DA:15,0
DA:21,3
DA:22,0
DA:25,3
DA:31,0
LF:15
LH:10
BRF:0
BRH:0
end_of_record
TN:
SF:src\pages\Home.tsx
FN:3,Home
FNF:1
FNH:1
FNDA:5,Home
DA:3,2
DA:4,5
LF:2
LH:2
BRF:0
BRH:0
end_of_record
TN:
SF:src\pages\Store.tsx
FN:5,Store
FN:10,(anonymous_4)
FNF:2
FNH:2
FNDA:6,Store
FNDA:24,(anonymous_4)
DA:1,4
DA:2,4
DA:3,4
DA:5,4
DA:6,6
DA:11,24
LF:6
LH:6
BRF:0
BRH:0
end_of_record
TN:
SF:src\utilities\formatCurrency.ts
FN:6,formatCurrency
FNF:1
FNH:1
FNDA:113,formatCurrency
DA:1,6
DA:6,6
DA:7,113
LF:3
LH:3
BRF:0
BRH:0
end_of_record
