TN:
SF:src\App.tsx
FN:12,(anonymous_0)
FNF:1
FNH:0
FNDA:0,(anonymous_0)
DA:2,0
DA:3,0
DA:4,0
DA:5,0
DA:6,0
DA:7,0
DA:8,0
DA:9,0
DA:10,0
DA:12,0
DA:13,0
LF:11
LH:0
BRF:0
BRH:0
end_of_record
TN:
SF:src\index.tsx
FNF:0
FNH:0
DA:1,0
DA:2,0
DA:3,0
DA:4,0
DA:6,0
LF:5
LH:0
BRF:0
BRH:0
end_of_record
TN:
SF:src\components\Navbar.tsx
FN:5,Navbar
FNF:1
FNH:1
FNDA:8,Navbar
DA:1,1
DA:2,1
DA:3,1
DA:5,1
DA:6,8
DA:7,8
LF:6
LH:6
BRDA:25,0,0,8
BRDA:25,0,1,2
BRF:2
BRH:2
end_of_record
TN:
SF:src\components\StoreItem.tsx
FN:12,StoreItem
FN:50,(anonymous_1)
FN:66,(anonymous_2)
FN:79,(anonymous_3)
FN:89,(anonymous_4)
FNF:5
FNH:5
FNDA:35,StoreItem
FNDA:3,(anonymous_1)
FNDA:2,(anonymous_2)
FNDA:4,(anonymous_3)
FNDA:2,(anonymous_4)
DA:1,3
DA:2,3
DA:3,3
DA:12,3
DA:14,35
DA:15,35
DA:16,35
DA:17,35
DA:20,35
DA:21,35
DA:22,35
DA:23,35
DA:24,35
DA:26,35
DA:28,35
DA:50,3
DA:66,2
DA:79,4
DA:89,2
LF:19
LH:19
BRDA:46,0,0,27
BRDA:46,0,1,8
BRF:2
BRH:2
end_of_record
TN:
SF:src\context\ShoppingCartContext.tsx
FN:25,useShoppingCartContext
FN:29,ShoppingCartProvider
FN:33,(anonymous_5)
FN:34,(anonymous_6)
FN:37,(anonymous_7)
FN:38,(anonymous_8)
FN:39,(anonymous_9)
FN:42,(anonymous_10)
FN:53,(anonymous_11)
FN:54,(anonymous_12)
FN:55,(anonymous_13)
FN:56,(anonymous_14)
FN:58,(anonymous_15)
FN:69,(anonymous_16)
FN:70,(anonymous_17)
FN:71,(anonymous_18)
FN:75,(anonymous_19)
FN:78,(anonymous_20)
FN:82,(anonymous_21)
FNF:19
FNH:17
FNDA:43,useShoppingCartContext
FNDA:20,ShoppingCartProvider
FNDA:35,(anonymous_5)
FNDA:14,(anonymous_6)
FNDA:7,(anonymous_7)
FNDA:7,(anonymous_8)
FNDA:4,(anonymous_9)
FNDA:4,(anonymous_10)
FNDA:2,(anonymous_11)
FNDA:2,(anonymous_12)
FNDA:2,(anonymous_13)
FNDA:1,(anonymous_14)
FNDA:1,(anonymous_15)
FNDA:2,(anonymous_16)
FNDA:2,(anonymous_17)
FNDA:2,(anonymous_18)
FNDA:0,(anonymous_19)
FNDA:0,(anonymous_20)
FNDA:8,(anonymous_21)
DA:1,3
DA:23,3
DA:25,3
DA:26,43
DA:29,20
DA:30,20
DA:31,20
DA:33,20
DA:34,35
DA:37,20
DA:38,7
DA:39,7
DA:40,3
DA:42,4
DA:43,4
DA:44,4
DA:46,0
DA:53,20
DA:54,2
DA:55,2
DA:56,1
DA:58,1
DA:59,1
DA:60,1
DA:62,0
DA:69,20
DA:70,2
DA:71,2
DA:75,20
DA:76,0
DA:78,20
DA:79,0
DA:82,20
DA:83,8
DA:86,20
LF:35
LH:31
BRDA:34,0,0,35
BRDA:34,0,1,27
BRDA:34,1,0,27
BRDA:34,1,1,8
BRDA:34,2,0,35
BRDA:34,2,1,35
BRDA:39,3,0,3
BRDA:39,3,1,4
BRDA:43,4,0,4
BRDA:43,4,1,0
BRDA:55,5,0,1
BRDA:55,5,1,1
BRDA:55,6,0,0
BRDA:55,6,1,2
BRDA:55,7,0,2
BRDA:55,7,1,2
BRDA:59,8,0,1
BRDA:59,8,1,0
BRF:18
BRH:15
end_of_record
TN:
SF:src\pages\About.tsx
FN:1,About
FNF:1
FNH:1
FNDA:3,About
DA:1,2
DA:2,3
LF:2
LH:2
BRF:0
BRH:0
end_of_record
TN:
SF:src\pages\Home.tsx
FN:3,Home
FNF:1
FNH:1
FNDA:5,Home
DA:3,2
DA:4,5
LF:2
LH:2
BRF:0
BRH:0
end_of_record
TN:
SF:src\pages\Store.tsx
FN:5,Store
FN:10,(anonymous_4)
FNF:2
FNH:2
FNDA:3,Store
FNDA:12,(anonymous_4)
DA:1,2
DA:2,2
DA:3,2
DA:5,2
DA:6,3
DA:11,12
LF:6
LH:6
BRF:0
BRH:0
end_of_record
TN:
SF:src\utilities\formatCurrency.ts
FN:6,formatCurrency
FNF:1
FNH:1
FNDA:36,formatCurrency
DA:1,4
DA:6,4
DA:7,36
LF:3
LH:3
BRF:0
BRH:0
end_of_record
